0 info it worked if it ends with ok
1 verbose cli [ 'C:\\Program Files (x86)\\nodejs\\\\node.exe',
1 verbose cli   'C:\\Program Files (x86)\\nodejs\\node_modules\\npm\\bin\\npm-cli.js',
1 verbose cli   'run-script',
1 verbose cli   'run_unit_testing_fuser' ]
2 info using npm@2.3.0
3 info using node@v0.11.16
4 verbose node symlink C:\Program Files (x86)\nodejs\\node.exe
5 verbose run-script [ 'prerun_unit_testing_fuser',
5 verbose run-script   'run_unit_testing_fuser',
5 verbose run-script   'postrun_unit_testing_fuser' ]
6 info prerun_unit_testing_fuser MyMedia@1.0.0
7 info run_unit_testing_fuser MyMedia@1.0.0
8 verbose unsafe-perm in lifecycle true
9 info MyMedia@1.0.0 Failed to exec run_unit_testing_fuser script
10 verbose stack Error: MyMedia@1.0.0 run_unit_testing_fuser: `mocha ./test/fusers_test/fusers_unit_test.js && exit`
10 verbose stack Exit status 1
10 verbose stack     at EventEmitter.<anonymous> (C:\Program Files (x86)\nodejs\node_modules\npm\lib\utils\lifecycle.js:213:16)
10 verbose stack     at EventEmitter.emit (events.js:110:17)
10 verbose stack     at ChildProcess.<anonymous> (C:\Program Files (x86)\nodejs\node_modules\npm\lib\utils\spawn.js:14:12)
10 verbose stack     at ChildProcess.emit (events.js:110:17)
10 verbose stack     at maybeClose (child_process.js:1008:16)
10 verbose stack     at Process.ChildProcess._handle.onexit (child_process.js:1080:5)
11 verbose pkgid MyMedia@1.0.0
12 verbose cwd F:\Projects\MyMediaV_1.0
13 error Windows_NT 6.1.7601
14 error argv "C:\\Program Files (x86)\\nodejs\\\\node.exe" "C:\\Program Files (x86)\\nodejs\\node_modules\\npm\\bin\\npm-cli.js" "run-script" "run_unit_testing_fuser"
15 error node v0.11.16
16 error npm  v2.3.0
17 error code ELIFECYCLE
18 error MyMedia@1.0.0 run_unit_testing_fuser: `mocha ./test/fusers_test/fusers_unit_test.js && exit`
18 error Exit status 1
19 error Failed at the MyMedia@1.0.0 run_unit_testing_fuser script 'mocha ./test/fusers_test/fusers_unit_test.js && exit'.
19 error This is most likely a problem with the MyMedia package,
19 error not with npm itself.
19 error Tell the author that this fails on your system:
19 error     mocha ./test/fusers_test/fusers_unit_test.js && exit
19 error You can get their info via:
19 error     npm owner ls MyMedia
19 error There is likely additional logging output above.
20 verbose exit [ 1, true ]
